<?xml version="1.0" encoding="UTF-8"?>
<testsuite xmlns:xsi="http://www.w3.org/2001/XMLSchema-instance" xsi:schemaLocation="https://maven.apache.org/surefire/maven-surefire-plugin/xsd/surefire-test-report.xsd" name="TestSuite" time="28.877" tests="12" errors="0" skipped="11" failures="1">
  <properties>
[...]
</properties>
  <testcase name="beforeClass" classname="com.bdd.SkyGo.SkyGoSmokeTest.TestSkyGoApp" time="28.761">
    <failure message="A new session could not be created. (Original error: Could not find a connected Android device.) (WARNING: The server did not provide any stacktrace information)&#10;Command duration or timeout: 27.69 seconds&#10;Build info: version: &apos;2.50.0&apos;, revision: &apos;1070ace4650453d518aeb03e7a9a36c9d264a8e7&apos;, time: &apos;2016-01-27 10:46:18&apos;&#10;System info: host: &apos;Syeds-MBP&apos;, ip: &apos;192.168.0.2&apos;, os.name: &apos;Mac OS X&apos;, os.arch: &apos;x86_64&apos;, os.version: &apos;10.11.3&apos;, java.version: &apos;1.8.0_45&apos;&#10;Driver info: io.appium.java_client.android.AndroidDriver" type="org.openqa.selenium.SessionNotCreatedException">org.openqa.selenium.SessionNotCreatedException: 
A new session could not be created. (Original error: Could not find a connected Android device.) (WARNING: The server did not provide any stacktrace information)
Command duration or timeout: 27.69 seconds
Build info: version: '2.50.0', revision: '1070ace4650453d518aeb03e7a9a36c9d264a8e7', time: '2016-01-27 10:46:18'
System info: host: 'Syeds-MBP', ip: '192.168.0.2', os.name: 'Mac OS X', os.arch: 'x86_64', os.version: '10.11.3', java.version: '1.8.0_45'
Driver info: io.appium.java_client.android.AndroidDriver
</failure>
    <system-out><![CDATA[Appium Started successfully.
&amp#27;[36minfo&amp#27;[39m: Welcome to Appium v1.4.13 (REV c75d8adcb66a75818a542fe1891a34260c21f76a)
&amp#27;[36minfo&amp#27;[39m: Appium REST http interface listener started on 127.0.0.1:4723
&amp#27;[36minfo&amp#27;[39m: [debug] Non-default server args: {"address":"127.0.0.1"}
&amp#27;[36minfo&amp#27;[39m: Console LogLevel: debug
]]></system-out>
  </testcase>
  <testcase name="testSignInJourny" classname="com.bdd.SkyGo.SkyGoSmokeTest.TestSkyGoApp" time="0">
    <skipped/>
  </testcase>
  <testcase name="testCatchUpLink" classname="com.bdd.SkyGo.SkyGoSmokeTest.TestSkyGoApp" time="0">
    <skipped/>
  </testcase>
  <testcase name="testSkyBoxSetsLink" classname="com.bdd.SkyGo.SkyGoSmokeTest.TestSkyGoApp" time="0">
    <skipped/>
  </testcase>
  <testcase name="testSportsLink" classname="com.bdd.SkyGo.SkyGoSmokeTest.TestSkyGoApp" time="0">
    <skipped/>
  </testcase>
  <testcase name="testSearchButton" classname="com.bdd.SkyGo.SkyGoSmokeTest.TestSkyGoApp" time="0">
    <skipped/>
  </testcase>
  <testcase name="testRunMovie" classname="com.bdd.SkyGo.SkyGoSmokeTest.TestSkyGoApp" time="0">
    <skipped/>
  </testcase>
  <testcase name="testSignOutJourny" classname="com.bdd.SkyGo.SkyGoSmokeTest.TestSkyGoApp" time="0">
    <skipped/>
  </testcase>
  <testcase name="afterClass" classname="com.bdd.SkyGo.SkyGoSmokeTest.TestSkyGoApp" time="0">
    <skipped/>
  </testcase>
  <testcase name="beforeClass" classname="com.bdd.SkyGo.SkyGoSmokeTest.TestSkyMovies" time="0">
    <skipped/>
  </testcase>
  <testcase name="testRunMovie" classname="com.bdd.SkyGo.SkyGoSmokeTest.TestSkyMovies" time="0">
    <skipped/>
  </testcase>
  <testcase name="afterClass" classname="com.bdd.SkyGo.SkyGoSmokeTest.TestSkyMovies" time="0">
    <skipped/>
  </testcase>
</testsuite>