<?xml version="1.0" encoding="UTF-8"?>
<testng-results skipped="8" failed="0" total="8" passed="0">
  <reporter-output>
  </reporter-output>
  <suite name="Surefire suite" duration-ms="28450" started-at="2016-02-17T21:41:01Z" finished-at="2016-02-17T21:41:30Z">
    <groups>
    </groups>
    <test name="Surefire test" duration-ms="28450" started-at="2016-02-17T21:41:01Z" finished-at="2016-02-17T21:41:30Z">
      <class name="com.bdd.SkyGo.SkyGoSmokeTest.TestSkyMovies">
        <test-method status="SKIP" signature="beforeClass()[pri:0, instance:com.bdd.SkyGo.SkyGoSmokeTest.TestSkyMovies@61dc03ce]" name="beforeClass" is-config="true" duration-ms="0" started-at="2016-02-17T21:41:30Z" finished-at="2016-02-17T21:41:30Z">
          <reporter-output>
          </reporter-output>
        </test-method> <!-- beforeClass -->
        <test-method status="SKIP" signature="afterClass()[pri:0, instance:com.bdd.SkyGo.SkyGoSmokeTest.TestSkyMovies@61dc03ce]" name="afterClass" is-config="true" duration-ms="0" started-at="2016-02-17T21:41:30Z" finished-at="2016-02-17T21:41:30Z">
          <reporter-output>
          </reporter-output>
        </test-method> <!-- afterClass -->
        <test-method status="SKIP" signature="testRunMovie()[pri:0, instance:com.bdd.SkyGo.SkyGoSmokeTest.TestSkyMovies@61dc03ce]" name="testRunMovie" duration-ms="0" started-at="2016-02-17T21:41:30Z" finished-at="2016-02-17T21:41:30Z">
          <reporter-output>
          </reporter-output>
        </test-method> <!-- testRunMovie -->
      </class> <!-- com.bdd.SkyGo.SkyGoSmokeTest.TestSkyMovies -->
      <class name="com.bdd.SkyGo.SkyGoSmokeTest.TestSkyGoApp">
        <test-method status="FAIL" signature="beforeClass()[pri:0, instance:com.bdd.SkyGo.SkyGoSmokeTest.TestSkyGoApp@737996a0]" name="beforeClass" is-config="true" duration-ms="0" started-at="2016-02-17T21:41:01Z" finished-at="2016-02-17T21:41:01Z">
          <exception class="org.openqa.selenium.SessionNotCreatedException">
            <message>
              <![CDATA[A new session could not be created. (Original error: Could not find a connected Android device.) (WARNING: The server did not provide any stacktrace information)
Command duration or timeout: 27.69 seconds
Build info: version: '2.50.0', revision: '1070ace4650453d518aeb03e7a9a36c9d264a8e7', time: '2016-01-27 10:46:18'
System info: host: 'Syeds-MBP', ip: '192.168.0.2', os.name: 'Mac OS X', os.arch: 'x86_64', os.version: '10.11.3', java.version: '1.8.0_45'
Driver info: io.appium.java_client.android.AndroidDriver]]>
            </message>
            <full-stacktrace>
              <![CDATA[org.openqa.selenium.SessionNotCreatedException: A new session could not be created. (Original error: Could not find a connected Android device.) (WARNING: The server did not provide any stacktrace information)
Command duration or timeout: 27.69 seconds
Build info: version: '2.50.0', revision: '1070ace4650453d518aeb03e7a9a36c9d264a8e7', time: '2016-01-27 10:46:18'
System info: host: 'Syeds-MBP', ip: '192.168.0.2', os.name: 'Mac OS X', os.arch: 'x86_64', os.version: '10.11.3', java.version: '1.8.0_45'
Driver info: io.appium.java_client.android.AndroidDriver
	at sun.reflect.NativeConstructorAccessorImpl.newInstance0(Native Method)
	at sun.reflect.NativeConstructorAccessorImpl.newInstance(NativeConstructorAccessorImpl.java:62)
	at sun.reflect.DelegatingConstructorAccessorImpl.newInstance(DelegatingConstructorAccessorImpl.java:45)
	at java.lang.reflect.Constructor.newInstance(Constructor.java:422)
	at org.openqa.selenium.remote.ErrorHandler.createThrowable(ErrorHandler.java:206)
	at org.openqa.selenium.remote.ErrorHandler.throwIfResponseFailed(ErrorHandler.java:158)
	at org.openqa.selenium.remote.RemoteWebDriver.execute(RemoteWebDriver.java:678)
	at io.appium.java_client.DefaultGenericMobileDriver.execute(DefaultGenericMobileDriver.java:42)
	at io.appium.java_client.AppiumDriver.execute(AppiumDriver.java:1)
	at io.appium.java_client.android.AndroidDriver.execute(AndroidDriver.java:1)
	at org.openqa.selenium.remote.RemoteWebDriver.startSession(RemoteWebDriver.java:249)
	at org.openqa.selenium.remote.RemoteWebDriver.<init>(RemoteWebDriver.java:131)
	at org.openqa.selenium.remote.RemoteWebDriver.<init>(RemoteWebDriver.java:144)
	at io.appium.java_client.DefaultGenericMobileDriver.<init>(DefaultGenericMobileDriver.java:37)
	at io.appium.java_client.AppiumDriver.<init>(AppiumDriver.java:161)
	at io.appium.java_client.AppiumDriver.<init>(AppiumDriver.java:170)
	at io.appium.java_client.android.AndroidDriver.<init>(AndroidDriver.java:82)
	at com.bdd.SkyGo.SkyGoSmokeTest.SetCapabilities.beforeClass(SetCapabilities.java:41)
	at sun.reflect.NativeMethodAccessorImpl.invoke0(Native Method)
	at sun.reflect.NativeMethodAccessorImpl.invoke(NativeMethodAccessorImpl.java:62)
	at sun.reflect.DelegatingMethodAccessorImpl.invoke(DelegatingMethodAccessorImpl.java:43)
	at java.lang.reflect.Method.invoke(Method.java:497)
	at org.testng.internal.MethodInvocationHelper.invokeMethod(MethodInvocationHelper.java:86)
	at org.testng.internal.Invoker.invokeConfigurationMethod(Invoker.java:514)
	at org.testng.internal.Invoker.invokeConfigurations(Invoker.java:215)
	at org.testng.internal.Invoker.invokeConfigurations(Invoker.java:142)
	at org.testng.internal.TestMethodWorker.invokeBeforeClassMethods(TestMethodWorker.java:178)
	at org.testng.internal.TestMethodWorker.run(TestMethodWorker.java:108)
	at org.testng.TestRunner.privateRun(TestRunner.java:782)
	at org.testng.TestRunner.run(TestRunner.java:632)
	at org.testng.SuiteRunner.runTest(SuiteRunner.java:366)
	at org.testng.SuiteRunner.runSequentially(SuiteRunner.java:361)
	at org.testng.SuiteRunner.privateRun(SuiteRunner.java:319)
	at org.testng.SuiteRunner.run(SuiteRunner.java:268)
	at org.testng.SuiteRunnerWorker.runSuite(SuiteRunnerWorker.java:52)
	at org.testng.SuiteRunnerWorker.run(SuiteRunnerWorker.java:86)
	at org.testng.TestNG.runSuitesSequentially(TestNG.java:1244)
	at org.testng.TestNG.runSuitesLocally(TestNG.java:1169)
	at org.testng.TestNG.run(TestNG.java:1064)
	at org.apache.maven.surefire.testng.TestNGExecutor.run(TestNGExecutor.java:132)
	at org.apache.maven.surefire.testng.TestNGDirectoryTestSuite.executeMulti(TestNGDirectoryTestSuite.java:193)
	at org.apache.maven.surefire.testng.TestNGDirectoryTestSuite.execute(TestNGDirectoryTestSuite.java:94)
	at org.apache.maven.surefire.testng.TestNGProvider.invoke(TestNGProvider.java:147)
	at org.apache.maven.surefire.booter.ForkedBooter.invokeProviderInSameClassLoader(ForkedBooter.java:290)
	at org.apache.maven.surefire.booter.ForkedBooter.runSuitesInProcess(ForkedBooter.java:242)
	at org.apache.maven.surefire.booter.ForkedBooter.main(ForkedBooter.java:121)
]]>
            </full-stacktrace>
          </exception> <!-- org.openqa.selenium.SessionNotCreatedException -->
          <reporter-output>
          </reporter-output>
        </test-method> <!-- beforeClass -->
        <test-method status="SKIP" signature="testSignInJourny()[pri:1, instance:com.bdd.SkyGo.SkyGoSmokeTest.TestSkyGoApp@737996a0]" name="testSignInJourny" duration-ms="0" started-at="2016-02-17T21:41:30Z" finished-at="2016-02-17T21:41:30Z">
          <reporter-output>
          </reporter-output>
        </test-method> <!-- testSignInJourny -->
        <test-method status="SKIP" signature="testSearchButton()[pri:5, instance:com.bdd.SkyGo.SkyGoSmokeTest.TestSkyGoApp@737996a0]" name="testSearchButton" duration-ms="1" started-at="2016-02-17T21:41:30Z" finished-at="2016-02-17T21:41:30Z">
          <reporter-output>
          </reporter-output>
        </test-method> <!-- testSearchButton -->
        <test-method status="SKIP" signature="testSkyBoxSetsLink()[pri:3, instance:com.bdd.SkyGo.SkyGoSmokeTest.TestSkyGoApp@737996a0]" name="testSkyBoxSetsLink" duration-ms="0" started-at="2016-02-17T21:41:30Z" finished-at="2016-02-17T21:41:30Z">
          <reporter-output>
          </reporter-output>
        </test-method> <!-- testSkyBoxSetsLink -->
        <test-method status="SKIP" signature="testSportsLink()[pri:4, instance:com.bdd.SkyGo.SkyGoSmokeTest.TestSkyGoApp@737996a0]" name="testSportsLink" duration-ms="0" started-at="2016-02-17T21:41:30Z" finished-at="2016-02-17T21:41:30Z">
          <reporter-output>
          </reporter-output>
        </test-method> <!-- testSportsLink -->
        <test-method status="SKIP" signature="testCatchUpLink()[pri:2, instance:com.bdd.SkyGo.SkyGoSmokeTest.TestSkyGoApp@737996a0]" name="testCatchUpLink" duration-ms="0" started-at="2016-02-17T21:41:30Z" finished-at="2016-02-17T21:41:30Z">
          <reporter-output>
          </reporter-output>
        </test-method> <!-- testCatchUpLink -->
        <test-method status="SKIP" signature="testSignOutJourny()[pri:6, instance:com.bdd.SkyGo.SkyGoSmokeTest.TestSkyGoApp@737996a0]" name="testSignOutJourny" duration-ms="0" started-at="2016-02-17T21:41:30Z" finished-at="2016-02-17T21:41:30Z">
          <reporter-output>
          </reporter-output>
        </test-method> <!-- testSignOutJourny -->
        <test-method status="SKIP" signature="testRunMovie()[pri:6, instance:com.bdd.SkyGo.SkyGoSmokeTest.TestSkyGoApp@737996a0]" name="testRunMovie" duration-ms="0" started-at="2016-02-17T21:41:30Z" finished-at="2016-02-17T21:41:30Z">
          <reporter-output>
          </reporter-output>
        </test-method> <!-- testRunMovie -->
        <test-method status="SKIP" signature="afterClass()[pri:0, instance:com.bdd.SkyGo.SkyGoSmokeTest.TestSkyGoApp@737996a0]" name="afterClass" is-config="true" duration-ms="0" started-at="2016-02-17T21:41:30Z" finished-at="2016-02-17T21:41:30Z">
          <reporter-output>
          </reporter-output>
        </test-method> <!-- afterClass -->
      </class> <!-- com.bdd.SkyGo.SkyGoSmokeTest.TestSkyGoApp -->
    </test> <!-- Surefire test -->
  </suite> <!-- Surefire suite -->
</testng-results>
